[2024-12-06 22:16:43] [LOG][AUTH][SUCCESS] Socket created succesfully.
[2024-12-06 22:16:46] [LOG][AUTH][SUCCESS] Socket created succesfully.
[2024-12-06 22:16:46] [LOG][CLIENT][SUCCESS] Connection successfully.
[2024-12-06 22:16:48] [LOG][RSA][SUCCESS] RSA SIZE: 256
[2024-12-06 22:16:48] [LOG][CLIENT][SUCCESS] Encrypted message       : 3020393C62594A8E10CB5D9EDB441430A706379F3FB9F3444F35D753AD7589EA7A95BB6DFF51639D0BFC5C1CCF8A93C2853E7938F3142231028A8948B2876E47EA378EB95987B2A08F4997BECEC6E3742C7E6663AEF1DC5A1ED9CEA3F37EB380D45589F89EB1D38EE767B0D22D149AA0E45A4EC80ED802E6905D49A459A905103CDD50F232AF0C433E92A1357717724B30CD92611658E3D7B1F45B633EAED846532A3FA42B4AE186F211ACB6EB83F499BE78709495568E03C71D9D9ABE39F4059B245328354471A38EC4759B0D87E8C77074E20DC0D490496D3460369BBA46961E7579DD9FC8BF7EBA89F2CC84EA0848FC1FCE3BB89DCA7A153DE9CA0DEFB7B4
[2024-12-06 22:16:48] [LOG][CLIENT][SUCCESS] Encrypted message lenght: 256
[2024-12-06 22:16:48] [LOG][CLIENT][SUCCESS] Succes send encrypted login data
[2024-12-06 22:16:48] [LOG][CLIENT][SUCCESS] Recv the data from server
[2024-12-06 22:16:48] [LOG][RSA][SUCCESS] Start Decryption function.
[2024-12-06 22:16:48] [LOG][RSA][SUCCESS] Loaded Private key.
[2024-12-06 22:16:48] [LOG][RSA][SUCCESS] Calculated RSA SIZE(256).
[2024-12-06 22:16:48] [LOG][RSA][SUCCESS] Allocated memory.
[2024-12-06 22:16:48] [LOG][RSA][SUCCESS] Private key DECRYPY.
[2024-12-06 22:16:48] [LOG][RSA][SUCCESS] RSA SIZE: 256
[2024-12-06 22:16:48] [LOG][CLIENT][SUCCESS] Recieved Data Size  : 256
[2024-12-06 22:16:48] [LOG][CLIENT][SUCCESS] Secure Buffer (hex) : 695691FA959EB201C33BAED8649623C1A463B0D1DF03C120A48B819DB5DA79AA2AE2706565E70EC24BE0DE0158B02FC1BE940BDEA75C8A483179911528E2372FD1EFE51B91B9D581B11C3A20FDF08046F2C84EE374BA17CC2FDABC1E1F73E391845BA3B0E8B623D5D14618D2BD35E01788B59C94DA7FD4DF8A638A0596E9DD530EEB10A5E2597698ED9302D7A45525DB9D074C340AD0E865393B08B113D2D02EDE1C63D96730769599CA382EA8DDAD4D6AB1F88F9CB90ACDF4DBF76852BA87CB3D154E98919F5A25B162CF7F7D701B24D1F1C6A537F25D9768D62A14958B50956B6F8241C781AB6C7D9D9EA0D7F8209AEE2725FBD781872DACFC8E2713E0CAED
[2024-12-06 22:16:48] [LOG][CLIENT][SUCCESS] Secure Buffer Lenght: 262
[2024-12-06 22:16:48] [LOG][RSA][SUCCESS] Start Decryption function.
[2024-12-06 22:16:48] [LOG][RSA][SUCCESS] Loaded Private key.
[2024-12-06 22:16:48] [LOG][RSA][SUCCESS] Calculated RSA SIZE(256).
[2024-12-06 22:16:48] [LOG][RSA][SUCCESS] Allocated memory.
[2024-12-06 22:16:48] [LOG][RSA][SUCCESS] Private key DECRYPY.
[2024-12-06 22:16:48] [LOG][CLIENT][SUCCESS] Decrypted Buffer       : Login:Successfully
[2024-12-06 22:16:48] [LOG][CLIENT][SUCCESS] Decrypted Buffer Lenght: 18
[2024-12-06 22:16:48] [LOG][CLIENT][SUCCESS] Login successful.
[2024-12-06 22:16:57] [LOG][AUTH][SUCCESS] Socket created succesfully.
[2024-12-06 22:16:57] [LOG][CLIENT][SUCCESS] Connection successfully.
[2024-12-06 22:16:59] [LOG][RSA][SUCCESS] RSA SIZE: 256
[2024-12-06 22:16:59] [LOG][CLIENT][SUCCESS] Encrypted message       : AE5087A9222D4B326C169299772D28BB7153FE574116E805335C4176F09B679A782628A74274CF85B612A495F6C386394CACDC14CF60A79CE7A7657B5687A7850FE9E377CE3C1D731C93A23CD87DB0046DC60B79E8360BE7ACC53FA6D34E8AFDF0DF69E5A1D5224B2BFF5C80051EA97DE020D5E0F96F18DFD6B6D4F71C1643FEB8DF9FD75CEF971B82155C1FEE2A4B5E87471EA4FC949C4490673DEC9143E3C1B7101FC3CFC4BED1E2AB628F183C500B2D44B76DCB6DA8EFE9E96A0DC7451367676A2E8E885C447B39C397EF8F35800CCB13A0013571AB8B03EF0C13626F4EC2FE61955F3D4A697619486EB372310F2D3246E8EFDCA7CD55CCCE709A0902EBF5
[2024-12-06 22:16:59] [LOG][CLIENT][SUCCESS] Encrypted message lenght: 256
[2024-12-06 22:16:59] [LOG][CLIENT][SUCCESS] Succes send encrypted login data
[2024-12-06 22:16:59] [LOG][CLIENT][SUCCESS] Recv the data from server
[2024-12-06 22:16:59] [LOG][RSA][SUCCESS] Start Decryption function.
[2024-12-06 22:16:59] [LOG][RSA][SUCCESS] Loaded Private key.
[2024-12-06 22:16:59] [LOG][RSA][SUCCESS] Calculated RSA SIZE(256).
[2024-12-06 22:16:59] [LOG][RSA][SUCCESS] Allocated memory.
[2024-12-06 22:16:59] [LOG][RSA][SUCCESS] Private key DECRYPY.
[2024-12-06 22:16:59] [LOG][RSA][SUCCESS] RSA SIZE: 256
[2024-12-06 22:16:59] [LOG][CLIENT][SUCCESS] Recieved Data Size  : 256
[2024-12-06 22:16:59] [LOG][CLIENT][SUCCESS] Secure Buffer (hex) : 6902907041A119230A9FC2A1F0D569E72137401E4F2ADD0A32A15B70A2B16286E5DAB7288AE8D5672D4746763BA593DC76035D48384905E0BD4C411235F25ACE6D50AE8762C7CD6A9A9D936731FF94C70CD617186E5C6966E789A2BD8285F9A59C4320518EA82CD5B3BFE582791A2C928EA0DE7F5339F02E4034F1B29C34AB3CD38156F4058F54CE8B5C9836F52B7FA1B58D9F6F73A4BA2E57A471F671EC42E1BB51E62EBBF2E7D9C56335D7AF586214FD960AD8AC2BF848979AFF01BAB4950D28F9DBAD17E28F32571833645DF49F5E2BAEB6AED3185EAFE1257FE2EBE07474C79690C76DEBD44A90E8E9D0BF3DDA8059577CC2363AB1306F41B55425688E77
[2024-12-06 22:16:59] [LOG][CLIENT][SUCCESS] Secure Buffer Lenght: 262
[2024-12-06 22:16:59] [LOG][RSA][SUCCESS] Start Decryption function.
[2024-12-06 22:16:59] [LOG][RSA][SUCCESS] Loaded Private key.
[2024-12-06 22:16:59] [LOG][RSA][SUCCESS] Calculated RSA SIZE(256).
[2024-12-06 22:16:59] [LOG][RSA][SUCCESS] Allocated memory.
[2024-12-06 22:16:59] [LOG][RSA][SUCCESS] Private key DECRYPY.
[2024-12-06 22:16:59] [LOG][CLIENT][SUCCESS] Decrypted Buffer       : Login:Successfully
[2024-12-06 22:16:59] [LOG][CLIENT][SUCCESS] Decrypted Buffer Lenght: 18
[2024-12-06 22:16:59] [LOG][CLIENT][SUCCESS] Login successful.
[2024-12-06 22:17:02] [LOG][AUTH][SUCCESS] Socket created succesfully.
[2024-12-06 22:17:02] [LOG][CLIENT][SUCCESS] Connection successfully.
[2024-12-06 22:17:09] [LOG][RSA][SUCCESS] RSA SIZE: 256
[2024-12-06 22:17:09] [LOG][CLIENT][SUCCESS] Encrypted message       : 7F230E2BD6CDB385ED1F4AA2B2A943ED7F834B493DC75AC384C7F975F6DF18D0895730B6024588BB59ABA9ABBA3B50C688A6F7C5A9D7D1A02F6BCD4DBE0766B9A73C114A81BB3696B87F8BDE71378DA7E35C0BF748F3688C21006CD01FB39AC23D3F28CD82C58416773302C01FC307DE8073C3D72C16721C51D90CEC17B1F4FDBBC09A989A5BF83CABB55F4963F3166B9CD2FF3E78311F2E6864CAB2F857CD2DEB9D29FBC46A09860F514742916AF700CDAABD7838484253F929E3B41F6048556281085CE273B2C0C3D65929837D467FBC925E9EF906758278D965AEE9BA67527335D1D588B771C8028C290FAE3BE5C6A93FF2B84B75BDCB3C57F70A3ED34D70
[2024-12-06 22:17:09] [LOG][CLIENT][SUCCESS] Encrypted message lenght: 89
[2024-12-06 22:17:09] [LOG][CLIENT][SUCCESS] Succes send encrypted login data
[2024-12-06 22:17:09] [LOG][CLIENT][SUCCESS] Recv the data from server
[2024-12-06 22:17:09] [LOG][RSA][SUCCESS] Start Decryption function.
[2024-12-06 22:17:09] [LOG][RSA][SUCCESS] Loaded Private key.
[2024-12-06 22:17:09] [LOG][RSA][SUCCESS] Calculated RSA SIZE(256).
[2024-12-06 22:17:09] [LOG][RSA][SUCCESS] Allocated memory.
[2024-12-06 22:17:09] [LOG][RSA][SUCCESS] Private key DECRYPY.
[2024-12-06 22:17:09] [LOG][RSA][SUCCESS] RSA SIZE: 256
[2024-12-06 22:17:09] [LOG][CLIENT][SUCCESS] Recieved Data Size  : 256
[2024-12-06 22:17:09] [LOG][CLIENT][SUCCESS] Secure Buffer (hex) : 080A878644DDFAC5C2F089A3D8DE8F1BA6D0BAE3167A278B11FA9D7D73B996D2C18B775E26AC93680C4CD2CA3B59E8E95A8F64BEE35AE8C3563EA00690922879308630882AC1BC5B1D0FA161589C785159C71F4DB37FB5FE72F545938496D67AD6938BD96E955298346331229F8997ADED9B03F69C8C0B00DDF25960EDDB99D7E58BBC59B7DF24676FEA2C6991C42ED5CEFEB1C9242C22B471BA37E50408362DF9489492B73059A69D1B03A13AE03EA138E475A0422A1E4E62B24B47693D36A469E6712BB7FE499EF9057CD94854B046D471ADAE3BE42FEED4C0089399FF7AC6CA7B45367109E23B4557C948EE50FF5693F3871262E0217251B1ADBBF4D6A4C7
[2024-12-06 22:17:09] [LOG][CLIENT][SUCCESS] Secure Buffer Lenght: 119
[2024-12-06 22:17:09] [LOG][RSA][SUCCESS] Start Decryption function.
[2024-12-06 22:17:09] [LOG][RSA][SUCCESS] Loaded Private key.
[2024-12-06 22:17:09] [LOG][RSA][SUCCESS] Calculated RSA SIZE(256).
[2024-12-06 22:17:09] [LOG][RSA][SUCCESS] Allocated memory.
[2024-12-06 22:17:09] [LOG][RSA][SUCCESS] Private key DECRYPY.
[2024-12-06 22:17:09] [LOG][CLIENT][SUCCESS] Decrypted Buffer       : Login:Successfully
[2024-12-06 22:17:09] [LOG][CLIENT][SUCCESS] Decrypted Buffer Lenght: 18
[2024-12-06 22:17:09] [LOG][CLIENT][SUCCESS] Login successful.
[2024-12-06 22:17:58] [LOG][CLIENT][SUCCESS] Getline encryption start
[2024-12-06 22:17:58] [LOG][RSA][SUCCESS] RSA SIZE: 256
[2024-12-06 22:17:58] [LOG][CLIENT][SUCCESS] Encrypted message       : 5B2C287D63D223058D97E3DAEF752A6D82D64041F9A9824927E24E38F60304FA05335C1576864CF4B2980958F74815F7A7A7831C74ADB5BE88244A787CC9EA8AD6FD1E2A40E78E419E4D042E74D2B21B560617F1AD8340721FFA0E58CFB66DD61A4872461B6FF27FCF86133081BDB84F70734471E4705151A61FBE6BBC82030133684A5B714ADCD5C106F5E4A9E1BC8E154E2C5F6F43FDB9CC98F48223A72896C3EB8392D818B8B02A3202CE384B99C485C04EF0C41029A51EE416E4EA449250BB0ECDFF46D4EAB7F219D00AC018ED375A7680050DD9CF88D3DD7EADC3974C8FF51E9C6452EFF9D71408153467D421180E746B18CF9C569FC3406986060F6018
[2024-12-06 22:17:58] [LOG][CLIENT][SUCCESS] Encrypted message lenght: 256
[2024-12-06 22:17:58] [LOG][CLIENT][SUCCESS] Encrypted message send server succesfully.
[2024-12-06 22:17:58] [LOG][RSA][SUCCESS] Start Decryption function.
[2024-12-06 22:17:58] [LOG][RSA][SUCCESS] Loaded Private key.
[2024-12-06 22:17:58] [LOG][RSA][SUCCESS] Calculated RSA SIZE(256).
[2024-12-06 22:17:58] [LOG][RSA][SUCCESS] Allocated memory.
[2024-12-06 22:17:58] [LOG][RSA][SUCCESS] Private key DECRYPY.
[2024-12-06 22:17:58] [LOG][CLIENT][SUCCESS] Decrypted Buffer: n0n0: Hello message i ama n0n0
[2024-12-06 22:17:58] [LOG][CLIENT][SUCCESS] Decrypted Buffer Lenght: 30
[2024-12-06 22:17:58] [LOG][CLIENT][INFO] Decryption is start
[2024-12-06 22:17:58] [LOG][CLIENT][INFO] Decryption is start
[2024-12-06 22:17:58] [LOG][RSA][SUCCESS] Start Decryption function.
[2024-12-06 22:17:58] [LOG][RSA][SUCCESS] Start Decryption function.
[2024-12-06 22:17:58] [LOG][RSA][SUCCESS] Loaded Private key.
[2024-12-06 22:17:58] [LOG][RSA][SUCCESS] Loaded Private key.
[2024-12-06 22:17:58] [LOG][RSA][SUCCESS] Calculated RSA SIZE(256).
[2024-12-06 22:17:58] [LOG][RSA][SUCCESS] Calculated RSA SIZE(256).
[2024-12-06 22:17:58] [LOG][RSA][SUCCESS] Allocated memory.
[2024-12-06 22:17:58] [LOG][RSA][SUCCESS] Allocated memory.
[2024-12-06 22:17:58] [LOG][RSA][SUCCESS] Private key DECRYPY.
[2024-12-06 22:17:58] [LOG][RSA][SUCCESS] Private key DECRYPY.
[2024-12-06 22:17:58] [LOG][CLIENT][INFO] Decrypted Buffer: n0n0: Hello message i ama n0n0
[2024-12-06 22:17:58] [LOG][CLIENT][INFO] Decrypted Buffer: n0n0: Hello message i ama n0n0
[2024-12-06 22:17:58] [LOG][CLIENT][INFO] Decrypted Buffer Lenght: 30
[2024-12-06 22:17:58] [LOG][CLIENT][INFO] Decrypted Buffer Lenght: 30
[2024-12-06 22:18:25] [LOG][CLIENT][SUCCESS] Getline encryption start
[2024-12-06 22:18:25] [LOG][RSA][SUCCESS] RSA SIZE: 256
[2024-12-06 22:18:25] [LOG][CLIENT][SUCCESS] Encrypted message       : 28EC51BADDA688097200EFB26A8AA7FA31552AE1849C8EAD6D2BAC0704F8BE148A41A67D23F573E720FC1A0B02B44821E4EFD7447AA503E1D0BEC0A9CB0A6F6B025F10167B447772AAD599CD29ED06C7686B27D4B9185B45E455CB593BE44D382A56CA98C3F8C187118D869BA3568493147F3C1637A5354C3E93D49B524B1399A2F2FB30E612126CF8ABAE58BB7B4C6E6B00B46A03DF3004B4D6B7923C6F9F77395D6831B0C5E22E474940EFEC5B061645752971A434E4FF764B334CACE3B818C4A9467090AA2601722E535FC273309DAEE32250D38BB824CE996F465CF088A6E0F532EA842371477566F479D57AF70CB9A75755242E9D6D9DE05ED3D093DD52
[2024-12-06 22:18:25] [LOG][CLIENT][SUCCESS] Encrypted message lenght: 9
[2024-12-06 22:18:25] [LOG][CLIENT][SUCCESS] Encrypted message send server succesfully.
[2024-12-06 22:18:25] [LOG][RSA][SUCCESS] Start Decryption function.
[2024-12-06 22:18:25] [LOG][RSA][SUCCESS] Loaded Private key.
[2024-12-06 22:18:25] [LOG][RSA][SUCCESS] Calculated RSA SIZE(256).
[2024-12-06 22:18:25] [LOG][RSA][SUCCESS] Allocated memory.
[2024-12-06 22:18:25] [LOG][RSA][SUCCESS] Private key DECRYPY.
[2024-12-06 22:18:25] [LOG][CLIENT][SUCCESS] Decrypted Buffer: z0z0: hello message i am z0z0
[2024-12-06 22:18:25] [LOG][CLIENT][SUCCESS] Decrypted Buffer Lenght: 29
[2024-12-06 22:18:25] [LOG][CLIENT][INFO] Decryption is start
[2024-12-06 22:18:25] [LOG][CLIENT][INFO] Decryption is start
[2024-12-06 22:18:25] [LOG][RSA][SUCCESS] Start Decryption function.
[2024-12-06 22:18:25] [LOG][RSA][SUCCESS] Start Decryption function.
[2024-12-06 22:18:25] [LOG][RSA][SUCCESS] Loaded Private key.
[2024-12-06 22:18:25] [LOG][RSA][SUCCESS] Loaded Private key.
[2024-12-06 22:18:25] [LOG][RSA][SUCCESS] Calculated RSA SIZE(256).
[2024-12-06 22:18:25] [LOG][RSA][SUCCESS] Calculated RSA SIZE(256).
[2024-12-06 22:18:25] [LOG][RSA][SUCCESS] Allocated memory.
[2024-12-06 22:18:25] [LOG][RSA][SUCCESS] Allocated memory.
[2024-12-06 22:18:25] [LOG][RSA][SUCCESS] Private key DECRYPY.
[2024-12-06 22:18:25] [LOG][RSA][SUCCESS] Private key DECRYPY.
[2024-12-06 22:18:25] [LOG][CLIENT][INFO] Decrypted Buffer: z0z0: hello message i am z0z0
[2024-12-06 22:18:25] [LOG][CLIENT][INFO] Decrypted Buffer Lenght: 29
[2024-12-06 22:18:25] [LOG][CLIENT][INFO] Decrypted Buffer: z0z0: hello message i am z0z0
[2024-12-06 22:18:25] [LOG][CLIENT][INFO] Decrypted Buffer Lenght: 29
[2024-12-06 22:18:28] [LOG][CLIENT][SUCCESS] Getline encryption start
[2024-12-06 22:18:28] [LOG][RSA][SUCCESS] RSA SIZE: 256
[2024-12-06 22:18:28] [LOG][CLIENT][SUCCESS] Encrypted message       : 1628A5C89CC5585E9AE00DE397CF328028824000946662A20D16AC1E5A1778EA45ABBEDDD8E9D0EA9F9F3F89FC0C87146BA8F84DE47D4919132D58D290411E2D39A19813FC0F001B46F8DC0C97F123BC38FA48CDCEF166E93480DCA3E8DC267EFABEC11B7FA309226E6A8FB739664C31BC8733828369C369A67182A522F05487BE20A622C01E21F58C40CFA4D23FECD6A1953E1AAC31AD45297A9422CCB054C09C6BE2D173F8A41C669256A3A83CC70BC52E866FEE9A726290818BB0466BEE8B2FF2C12B5A83B30ACDA16E6598D3CFE6864109A49E39C9D4C7F0E9CFD3081F08A907126366DCA9B027EC373DF6BB1D0316AC9A87AF9D22D0E4CEB42C4BA8769D
[2024-12-06 22:18:28] [LOG][CLIENT][SUCCESS] Encrypted message lenght: 19
[2024-12-06 22:18:28] [LOG][CLIENT][SUCCESS] Encrypted message send server succesfully.
[2024-12-06 22:18:28] [LOG][RSA][SUCCESS] Start Decryption function.
[2024-12-06 22:18:28] [LOG][RSA][SUCCESS] Loaded Private key.
[2024-12-06 22:18:28] [LOG][RSA][SUCCESS] Calculated RSA SIZE(256).
[2024-12-06 22:18:28] [LOG][RSA][SUCCESS] Allocated memory.
[2024-12-06 22:18:28] [LOG][RSA][SUCCESS] Private key DECRYPY.
[2024-12-06 22:18:28] [LOG][CLIENT][SUCCESS] Decrypted Buffer: admin: Hello message i am admin
[2024-12-06 22:18:28] [LOG][CLIENT][SUCCESS] Decrypted Buffer Lenght: 31
[2024-12-06 22:18:28] [LOG][CLIENT][INFO] Decryption is start
[2024-12-06 22:18:28] [LOG][CLIENT][INFO] Decryption is start
[2024-12-06 22:18:28] [LOG][RSA][SUCCESS] Start Decryption function.
[2024-12-06 22:18:28] [LOG][RSA][SUCCESS] Start Decryption function.
[2024-12-06 22:18:28] [LOG][RSA][SUCCESS] Loaded Private key.
[2024-12-06 22:18:28] [LOG][RSA][SUCCESS] Calculated RSA SIZE(256).
[2024-12-06 22:18:28] [LOG][RSA][SUCCESS] Allocated memory.
[2024-12-06 22:18:28] [LOG][RSA][SUCCESS] Private key DECRYPY.
[2024-12-06 22:18:28] [LOG][RSA][SUCCESS] Loaded Private key.
[2024-12-06 22:18:28] [LOG][RSA][SUCCESS] Calculated RSA SIZE(256).
[2024-12-06 22:18:28] [LOG][RSA][SUCCESS] Allocated memory.
[2024-12-06 22:18:28] [LOG][RSA][SUCCESS] Private key DECRYPY.
[2024-12-06 22:18:28] [LOG][CLIENT][INFO] Decrypted Buffer: admin: Hello message i am admin
[2024-12-06 22:18:28] [LOG][CLIENT][INFO] Decrypted Buffer Lenght: 31
[2024-12-06 22:18:28] [LOG][CLIENT][INFO] Decrypted Buffer: admin: Hello message i am admin
[2024-12-06 22:18:28] [LOG][CLIENT][INFO] Decrypted Buffer Lenght: 31
[2024-12-06 22:18:33] [LOG][CLIENT][ERROR] Connection closed by server
[2024-12-06 22:18:39] [LOG][CLIENT][ERROR] Connection closed by server
[2024-12-06 22:18:42] [LOG][CLIENT][ERROR] Connection closed by server
